Using pre-set license
Built from '2020.3/staging' branch; Version is '2020.3.42f1 (7ade1201f527) revision 8052242'; Using compiler version '192528614'; Build Type 'Release'
OS: 'Windows 10  (10.0.19044) 64bit Core' Language: 'en' Physical Memory: 3975 MB
BatchMode: 1, IsHumanControllingUs: 0, StartBugReporterOnCrash: 0, Is64bit: 1, IsPro: 0

COMMAND LINE ARGUMENTS:
C:\Program Files\Unity\Hub\Editor\2020.3.42f1\Editor\Unity.exe
-adb2
-batchMode
-noUpm
-name
AssetImportWorker0
-projectPath
C:/Users/jasmi/OneDrive/Documents/Kuliah/Semester 4/Percobaan VN
-logFile
Logs/AssetImportWorker0.log
-srvPort
54278
Successfully changed project path to: C:/Users/jasmi/OneDrive/Documents/Kuliah/Semester 4/Percobaan VN
C:/Users/jasmi/OneDrive/Documents/Kuliah/Semester 4/Percobaan VN
Using Asset Import Pipeline V2.
Refreshing native plugins compatible for Editor in 558.58 ms, found 3 plugins.
Preloading 0 native plugins for Editor in 0.00 ms.
Initialize engine version: 2020.3.42f1 (7ade1201f527)
[Subsystems] Discovering subsystems at path C:/Program Files/Unity/Hub/Editor/2020.3.42f1/Editor/Data/Resources/UnitySubsystems
[Subsystems] Discovering subsystems at path C:/Users/jasmi/OneDrive/Documents/Kuliah/Semester 4/Percobaan VN/Assets
GfxDevice: creating device client; threaded=0
Direct3D:
    Version:  Direct3D 11.0 [level 11.0]
    Renderer: Intel(R) HD Graphics (ID=0x156)
    Vendor:   
    VRAM:     128 MB
    Driver:   10.18.10.4252
Initialize mono
Mono path[0] = 'C:/Program Files/Unity/Hub/Editor/2020.3.42f1/Editor/Data/Managed'
Mono path[1] = 'C:/Program Files/Unity/Hub/Editor/2020.3.42f1/Editor/Data/MonoBleedingEdge/lib/mono/unityjit'
Mono config path = 'C:/Program Files/Unity/Hub/Editor/2020.3.42f1/Editor/Data/MonoBleedingEdge/etc'
Using monoOptions --debugger-agent=transport=dt_socket,embedding=1,server=y,suspend=n,address=127.0.0.1:56484
Begin MonoManager ReloadAssembly
Registering precompiled unity dll's ...
Register platform support module: C:/Program Files/Unity/Hub/Editor/2020.3.42f1/Editor/Data/PlaybackEngines/WebGLSupport/UnityEditor.WebGL.Extensions.dll
Register platform support module: C:/Program Files/Unity/Hub/Editor/2020.3.42f1/Editor/Data/PlaybackEngines/WindowsStandaloneSupport/UnityEditor.WindowsStandalone.Extensions.dll
Registered in 0.142790 seconds.
Native extension for WindowsStandalone target not found
Native extension for WebGL target not found
Refreshing native plugins compatible for Editor in 150.48 ms, found 3 plugins.
Preloading 0 native plugins for Editor in 0.00 ms.
Mono: successfully reloaded assembly
- Completed reload, in  4.251 seconds
Domain Reload Profiling:
	ReloadAssembly (4252ms)
		BeginReloadAssembly (2238ms)
			ExecutionOrderSort (0ms)
			DisableScriptedObjects (0ms)
			BackupInstance (0ms)
			ReleaseScriptingObjects (0ms)
			CreateAndSetChildDomain (2ms)
		EndReloadAssembly (1655ms)
			LoadAssemblies (2259ms)
			RebuildTransferFunctionScriptingTraits (0ms)
			SetupTypeCache (468ms)
			ReleaseScriptCaches (0ms)
			RebuildScriptCaches (84ms)
			SetupLoadedEditorAssemblies (563ms)
				LogAssemblyErrors (0ms)
				InitializePlatformSupportModulesInManaged (47ms)
				SetLoadedEditorAssemblies (0ms)
				RefreshPlugins (151ms)
				BeforeProcessingInitializeOnLoad (37ms)
				ProcessInitializeOnLoadAttributes (234ms)
				ProcessInitializeOnLoadMethodAttributes (93ms)
				AfterProcessingInitializeOnLoad (0ms)
				EditorAssembliesLoaded (1ms)
			ExecutionOrderSort2 (0ms)
			AwakeInstancesAfterBackupRestoration (0ms)
Platform modules already initialized, skipping
Registering precompiled user dll's ...
Registered in 0.105118 seconds.
Begin MonoManager ReloadAssembly
Native extension for WindowsStandalone target not found
Native extension for WebGL target not found
Refreshing native plugins compatible for Editor in 176.94 ms, found 3 plugins.
Preloading 0 native plugins for Editor in 0.00 ms.
Mono: successfully reloaded assembly
- Completed reload, in  6.476 seconds
Domain Reload Profiling:
	ReloadAssembly (6479ms)
		BeginReloadAssembly (501ms)
			ExecutionOrderSort (0ms)
			DisableScriptedObjects (15ms)
			BackupInstance (0ms)
			ReleaseScriptingObjects (0ms)
			CreateAndSetChildDomain (50ms)
		EndReloadAssembly (5714ms)
			LoadAssemblies (2817ms)
			RebuildTransferFunctionScriptingTraits (0ms)
			SetupTypeCache (964ms)
			ReleaseScriptCaches (1ms)
			RebuildScriptCaches (144ms)
			SetupLoadedEditorAssemblies (1510ms)
				LogAssemblyErrors (0ms)
				InitializePlatformSupportModulesInManaged (38ms)
				SetLoadedEditorAssemblies (1ms)
				RefreshPlugins (177ms)
				BeforeProcessingInitializeOnLoad (294ms)
				ProcessInitializeOnLoadAttributes (679ms)
				ProcessInitializeOnLoadMethodAttributes (285ms)
				AfterProcessingInitializeOnLoad (36ms)
				EditorAssembliesLoaded (0ms)
			ExecutionOrderSort2 (0ms)
			AwakeInstancesAfterBackupRestoration (5ms)
Platform modules already initialized, skipping
========================================================================
Worker process is ready to serve import requests
Launched and connected shader compiler UnityShaderCompiler.exe after 0.40 seconds
Refreshing native plugins compatible for Editor in 0.90 ms, found 3 plugins.
Preloading 0 native plugins for Editor in 0.00 ms.
Unloading 2205 Unused Serialized files (Serialized files now loaded: 0)
System memory in use before: 98.8 MB.
System memory in use after: 98.7 MB.

Unloading 31 unused Assets to reduce memory usage. Loaded Objects now: 2639.
Total: 7.060500 ms (FindLiveObjects: 0.500500 ms CreateObjectMapping: 0.301400 ms MarkObjects: 5.962100 ms  DeleteObjects: 0.294600 ms)

AssetImportParameters requested are different than current active one (requested -> active):
  custom:framework-win-MediaFoundation: 216162199b28c13a410421893ffa2e32 -> 
  custom:video-decoder-ogg-theora: a1e56fd34408186e4bbccfd4996cb3dc -> 
  custom:container-muxer-webm: aa71ff27fc2769a1b78a27578f13a17b -> 
  custom:container-demuxer-webm: 4f35f7cbe854078d1ac9338744f61a02 -> 
  custom:container-demuxer-ogg: 62fdf1f143b41e24485cea50d1cbac27 -> 
  custom:video-encoder-webm-vp8: eb34c28f22e8b96e1ab97ce403110664 -> 
  custom:video-decoder-webm-vp8: 9c59270c3fd7afecdb556c50c9e8de78 -> 
  custom:audio-decoder-ogg-vorbis: bf7c407c2cedff20999df2af8eb42d56 -> 
  custom:audio-encoder-webm-vorbis: bf7c407c2cedff20999df2af8eb42d56 -> 
========================================================================
Received Import Request.
  path: Assets/Story/Scenes/Office.asset
  artifactKey: Guid(a5b43fad02d14114b8d215d0125c6f7d) Importer(815301076,1909f56bfc062723c751e8b465ee728b)
Start importing Assets/Story/Scenes/Office.asset using Guid(a5b43fad02d14114b8d215d0125c6f7d) Importer(815301076,1909f56bfc062723c751e8b465ee728b)  -> (artifact id: '470b4a203cf9de90bd6346c04ccd0f07') in 0.284168 seconds 
========================================================================
Received Import Request.
  Time since last request: 0.000771 seconds.
  path: Assets/Story/Scenes/CrimeScene2.asset
  artifactKey: Guid(f772dae6648f73e4d8dc2058588bb3dc) Importer(815301076,1909f56bfc062723c751e8b465ee728b)
Start importing Assets/Story/Scenes/CrimeScene2.asset using Guid(f772dae6648f73e4d8dc2058588bb3dc) Importer(815301076,1909f56bfc062723c751e8b465ee728b)  -> (artifact id: 'fbaccddd4a2b8f42eae3341ef49811de') in 0.063049 seconds 
========================================================================
Received Import Request.
  Time since last request: 0.000607 seconds.
  path: Assets/Story/Scenes/CrimeScene.asset
  artifactKey: Guid(7da165ff46fa5e149adf20a854ccb8c9) Importer(815301076,1909f56bfc062723c751e8b465ee728b)
Start importing Assets/Story/Scenes/CrimeScene.asset using Guid(7da165ff46fa5e149adf20a854ccb8c9) Importer(815301076,1909f56bfc062723c751e8b465ee728b)  -> (artifact id: 'c10b2fa13ee212b2b5b4ede04dc64b7f') in 0.098515 seconds 
========================================================================
Received Import Request.
  Time since last request: 13.275629 seconds.
  path: Assets/Scripts/ChooseController.cs
  artifactKey: Guid(901dbcb80ad4915448623a3a123daee1) Importer(815301076,1909f56bfc062723c751e8b465ee728b)
Start importing Assets/Scripts/ChooseController.cs using Guid(901dbcb80ad4915448623a3a123daee1) Importer(815301076,1909f56bfc062723c751e8b465ee728b)  -> (artifact id: '0cb31e21391709c7fb4824eeae052162') in 0.057213 seconds 
========================================================================
Received Import Request.
  Time since last request: 24.108918 seconds.
  path: Assets/Scripts/GameController.cs
  artifactKey: Guid(8139860e4d6c06e45bbd73e67e2f388e) Importer(815301076,1909f56bfc062723c751e8b465ee728b)
Start importing Assets/Scripts/GameController.cs using Guid(8139860e4d6c06e45bbd73e67e2f388e) Importer(815301076,1909f56bfc062723c751e8b465ee728b)  -> (artifact id: '3d9555d6acf179271cce7b196748f18d') in 0.018399 seconds 
========================================================================
Received Import Request.
  Time since last request: 492.408434 seconds.
  path: Assets/Animations/SadToSleepy.anim
  artifactKey: Guid(dbba86f191ccaab4e809430a6d0af3bf) Importer(815301076,1909f56bfc062723c751e8b465ee728b)
Start importing Assets/Animations/SadToSleepy.anim using Guid(dbba86f191ccaab4e809430a6d0af3bf) Importer(815301076,1909f56bfc062723c751e8b465ee728b)  -> (artifact id: '93c5332d289d260a283c5b76fd8f1d49') in 0.095537 seconds 
========================================================================
Received Import Request.
  Time since last request: 0.866551 seconds.
  path: Assets/Animations/SleepyToSad.anim
  artifactKey: Guid(a59308bc20277f945b70530b2111d8d0) Importer(815301076,1909f56bfc062723c751e8b465ee728b)
Start importing Assets/Animations/SleepyToSad.anim using Guid(a59308bc20277f945b70530b2111d8d0) Importer(815301076,1909f56bfc062723c751e8b465ee728b)  -> (artifact id: 'cea7ff8aeb790abdc3f57ec00143c0f6') in 0.116026 seconds 
========================================================================
Received Import Request.
  Time since last request: 1.012728 seconds.
  path: Assets/Animations/ChooseShow.anim
  artifactKey: Guid(8f2959dde79a38d4e96890df94b62575) Importer(815301076,1909f56bfc062723c751e8b465ee728b)
Start importing Assets/Animations/ChooseShow.anim using Guid(8f2959dde79a38d4e96890df94b62575) Importer(815301076,1909f56bfc062723c751e8b465ee728b)  -> (artifact id: 'bf376173609a5706ad5e3ae570ece7b8') in 0.123908 seconds 
========================================================================
Received Import Request.
  Time since last request: 0.531161 seconds.
  path: Assets/Animations/ChooseHide.anim
  artifactKey: Guid(b7ea5b79a88d2184685172673d72d156) Importer(815301076,1909f56bfc062723c751e8b465ee728b)
Start importing Assets/Animations/ChooseHide.anim using Guid(b7ea5b79a88d2184685172673d72d156) Importer(815301076,1909f56bfc062723c751e8b465ee728b)  -> (artifact id: '94c358f5b2e19665504ad8c58698af74') in 0.114194 seconds 
========================================================================
Received Import Request.
  Time since last request: 1.190807 seconds.
  path: Assets/Animations/BackgroundSwitchFirst.anim
  artifactKey: Guid(8bbb6b528b513ad46858d62fe3a0a6ee) Importer(815301076,1909f56bfc062723c751e8b465ee728b)
Start importing Assets/Animations/BackgroundSwitchFirst.anim using Guid(8bbb6b528b513ad46858d62fe3a0a6ee) Importer(815301076,1909f56bfc062723c751e8b465ee728b)  -> (artifact id: 'd1a3e6db294768026b8c876168fd80b4') in 0.127810 seconds 
========================================================================
Received Import Request.
  Time since last request: 1.279224 seconds.
  path: Assets/Animations/BackgroundSwitchSecond.anim
  artifactKey: Guid(179554f78b0757b4bba2d85e7357b48d) Importer(815301076,1909f56bfc062723c751e8b465ee728b)
Start importing Assets/Animations/BackgroundSwitchSecond.anim using Guid(179554f78b0757b4bba2d85e7357b48d) Importer(815301076,1909f56bfc062723c751e8b465ee728b)  -> (artifact id: 'c7977e00665b4d8e8ad72391f2e0be66') in 0.076689 seconds 
========================================================================
Received Import Request.
  Time since last request: 0.902440 seconds.
  path: Assets/Animations/Hide.anim
  artifactKey: Guid(6abc93fc15d79194882ff37f3ced25ad) Importer(815301076,1909f56bfc062723c751e8b465ee728b)
Start importing Assets/Animations/Hide.anim using Guid(6abc93fc15d79194882ff37f3ced25ad) Importer(815301076,1909f56bfc062723c751e8b465ee728b)  -> (artifact id: '36c179512902fd97ef33fd123a6103ec') in 0.168526 seconds 
========================================================================
Received Import Request.
  Time since last request: 1.235353 seconds.
  path: Assets/Animations/Show.anim
  artifactKey: Guid(dbd15c015ccb9724a972553a5a639cb5) Importer(815301076,1909f56bfc062723c751e8b465ee728b)
Start importing Assets/Animations/Show.anim using Guid(dbd15c015ccb9724a972553a5a639cb5) Importer(815301076,1909f56bfc062723c751e8b465ee728b)  -> (artifact id: '84ea895cf2d8e20b2d161143d0576a1c') in 0.101380 seconds 
========================================================================
Received Prepare
Registering precompiled user dll's ...
Registered in 0.013102 seconds.
Begin MonoManager ReloadAssembly
Native extension for WindowsStandalone target not found
Native extension for WebGL target not found
Refreshing native plugins compatible for Editor in 0.87 ms, found 3 plugins.
Preloading 0 native plugins for Editor in 0.00 ms.
Mono: successfully reloaded assembly
- Completed reload, in  3.235 seconds
Domain Reload Profiling:
	ReloadAssembly (3236ms)
		BeginReloadAssembly (455ms)
			ExecutionOrderSort (0ms)
			DisableScriptedObjects (20ms)
			BackupInstance (0ms)
			ReleaseScriptingObjects (0ms)
			CreateAndSetChildDomain (181ms)
		EndReloadAssembly (2590ms)
			LoadAssemblies (342ms)
			RebuildTransferFunctionScriptingTraits (0ms)
			SetupTypeCache (954ms)
			ReleaseScriptCaches (2ms)
			RebuildScriptCaches (123ms)
			SetupLoadedEditorAssemblies (964ms)
				LogAssemblyErrors (0ms)
				InitializePlatformSupportModulesInManaged (20ms)
				SetLoadedEditorAssemblies (1ms)
				RefreshPlugins (1ms)
				BeforeProcessingInitializeOnLoad (314ms)
				ProcessInitializeOnLoadAttributes (551ms)
				ProcessInitializeOnLoadMethodAttributes (44ms)
				AfterProcessingInitializeOnLoad (32ms)
				EditorAssembliesLoaded (0ms)
			ExecutionOrderSort2 (0ms)
			AwakeInstancesAfterBackupRestoration (12ms)
Platform modules already initialized, skipping
Refreshing native plugins compatible for Editor in 1.06 ms, found 3 plugins.
Preloading 0 native plugins for Editor in 0.00 ms.
Unloading 2187 Unused Serialized files (Serialized files now loaded: 0)
System memory in use before: 97.5 MB.
System memory in use after: 97.4 MB.

Unloading 20 unused Assets to reduce memory usage. Loaded Objects now: 2643.
Total: 6.734900 ms (FindLiveObjects: 0.373500 ms CreateObjectMapping: 0.342700 ms MarkObjects: 5.777600 ms  DeleteObjects: 0.238300 ms)

AssetImportParameters requested are different than current active one (requested -> active):
  custom:framework-win-MediaFoundation: 216162199b28c13a410421893ffa2e32 -> 
  custom:video-decoder-ogg-theora: a1e56fd34408186e4bbccfd4996cb3dc -> 
  custom:container-muxer-webm: aa71ff27fc2769a1b78a27578f13a17b -> 
  custom:container-demuxer-webm: 4f35f7cbe854078d1ac9338744f61a02 -> 
  custom:container-demuxer-ogg: 62fdf1f143b41e24485cea50d1cbac27 -> 
  custom:video-encoder-webm-vp8: eb34c28f22e8b96e1ab97ce403110664 -> 
  custom:video-decoder-webm-vp8: 9c59270c3fd7afecdb556c50c9e8de78 -> 
  custom:audio-decoder-ogg-vorbis: bf7c407c2cedff20999df2af8eb42d56 -> 
  custom:audio-encoder-webm-vorbis: bf7c407c2cedff20999df2af8eb42d56 -> 
========================================================================
Received Import Request.
  Time since last request: 31.972822 seconds.
  path: Assets/Prefabs/MainCharacter.prefab
  artifactKey: Guid(74ad18971fcc48c40b4b28463b414bfe) Importer(815301076,1909f56bfc062723c751e8b465ee728b)
Start importing Assets/Prefabs/MainCharacter.prefab using Guid(74ad18971fcc48c40b4b28463b414bfe) Importer(815301076,1909f56bfc062723c751e8b465ee728b)  -> (artifact id: '6e617b9cbf5467436fdbd4a5a7d0c5de') in 0.180859 seconds 
========================================================================
Received Import Request.
  Time since last request: 8.089930 seconds.
  path: Assets/Prefabs/MainCharacter.prefab
  artifactKey: Guid(74ad18971fcc48c40b4b28463b414bfe) Importer(815301076,1909f56bfc062723c751e8b465ee728b)
Start importing Assets/Prefabs/MainCharacter.prefab using Guid(74ad18971fcc48c40b4b28463b414bfe) Importer(815301076,1909f56bfc062723c751e8b465ee728b)  -> (artifact id: '0b8aa0d0b1b88b007d0d5f8546f9c2d5') in 0.016469 seconds 
========================================================================
Received Prepare
Registering precompiled user dll's ...
Registered in 0.015543 seconds.
Begin MonoManager ReloadAssembly
Native extension for WindowsStandalone target not found
Native extension for WebGL target not found
Refreshing native plugins compatible for Editor in 0.91 ms, found 3 plugins.
Preloading 0 native plugins for Editor in 0.00 ms.
Mono: successfully reloaded assembly
- Completed reload, in  4.425 seconds
Domain Reload Profiling:
	ReloadAssembly (4427ms)
		BeginReloadAssembly (506ms)
			ExecutionOrderSort (0ms)
			DisableScriptedObjects (26ms)
			BackupInstance (0ms)
			ReleaseScriptingObjects (0ms)
			CreateAndSetChildDomain (115ms)
		EndReloadAssembly (3719ms)
			LoadAssemblies (470ms)
			RebuildTransferFunctionScriptingTraits (0ms)
			SetupTypeCache (1365ms)
			ReleaseScriptCaches (3ms)
			RebuildScriptCaches (181ms)
			SetupLoadedEditorAssemblies (1342ms)
				LogAssemblyErrors (0ms)
				InitializePlatformSupportModulesInManaged (17ms)
				SetLoadedEditorAssemblies (5ms)
				RefreshPlugins (1ms)
				BeforeProcessingInitializeOnLoad (359ms)
				ProcessInitializeOnLoadAttributes (881ms)
				ProcessInitializeOnLoadMethodAttributes (46ms)
				AfterProcessingInitializeOnLoad (33ms)
				EditorAssembliesLoaded (0ms)
			ExecutionOrderSort2 (0ms)
			AwakeInstancesAfterBackupRestoration (14ms)
Platform modules already initialized, skipping
Refreshing native plugins compatible for Editor in 1.18 ms, found 3 plugins.
Preloading 0 native plugins for Editor in 0.00 ms.
Unloading 2187 Unused Serialized files (Serialized files now loaded: 0)
System memory in use before: 97.5 MB.
System memory in use after: 97.5 MB.

Unloading 20 unused Assets to reduce memory usage. Loaded Objects now: 2646.
Total: 9.003400 ms (FindLiveObjects: 0.364500 ms CreateObjectMapping: 0.297400 ms MarkObjects: 8.066300 ms  DeleteObjects: 0.272300 ms)

AssetImportParameters requested are different than current active one (requested -> active):
  custom:framework-win-MediaFoundation: 216162199b28c13a410421893ffa2e32 -> 
  custom:video-decoder-ogg-theora: a1e56fd34408186e4bbccfd4996cb3dc -> 
  custom:container-muxer-webm: aa71ff27fc2769a1b78a27578f13a17b -> 
  custom:container-demuxer-webm: 4f35f7cbe854078d1ac9338744f61a02 -> 
  custom:container-demuxer-ogg: 62fdf1f143b41e24485cea50d1cbac27 -> 
  custom:video-encoder-webm-vp8: eb34c28f22e8b96e1ab97ce403110664 -> 
  custom:video-decoder-webm-vp8: 9c59270c3fd7afecdb556c50c9e8de78 -> 
  custom:audio-decoder-ogg-vorbis: bf7c407c2cedff20999df2af8eb42d56 -> 
  custom:audio-encoder-webm-vorbis: bf7c407c2cedff20999df2af8eb42d56 -> 
========================================================================
Received Import Request.
  Time since last request: 247.189538 seconds.
  path: Assets/Story/Choose/2.asset
  artifactKey: Guid(4e2dd16e599aea743bb8e735c06a7989) Importer(815301076,1909f56bfc062723c751e8b465ee728b)
Start importing Assets/Story/Choose/2.asset using Guid(4e2dd16e599aea743bb8e735c06a7989) Importer(815301076,1909f56bfc062723c751e8b465ee728b)  -> (artifact id: '1e0d6269e0eeaa49936c15bce2c8af10') in 0.086756 seconds 
========================================================================
Received Import Request.
  Time since last request: 84.386322 seconds.
  path: Assets/Story/Choose/3.asset
  artifactKey: Guid(e39685198169c2b4e82b8cadc9d95ec8) Importer(815301076,1909f56bfc062723c751e8b465ee728b)
Start importing Assets/Story/Choose/3.asset using Guid(e39685198169c2b4e82b8cadc9d95ec8) Importer(815301076,1909f56bfc062723c751e8b465ee728b)  -> (artifact id: '28ef5be05ef8193ebcc1680ed30c39f0') in 0.016247 seconds 
========================================================================
Received Import Request.
  Time since last request: 48.555071 seconds.
  path: Assets/Story/Scenes/BLANKCrimeScene1.asset
  artifactKey: Guid(73e5824e9618d724f94ae83dac906522) Importer(815301076,1909f56bfc062723c751e8b465ee728b)
Start importing Assets/Story/Scenes/BLANKCrimeScene1.asset using Guid(73e5824e9618d724f94ae83dac906522) Importer(815301076,1909f56bfc062723c751e8b465ee728b)  -> (artifact id: '8b8c37ddd6536f20d5cf18da107ed7e1') in 0.024218 seconds 
========================================================================
Received Import Request.
  Time since last request: 33.510135 seconds.
  path: Assets/Story/Scenes/BLANKOffice.asset
  artifactKey: Guid(bd07e4775b86dc44d974d22257fba781) Importer(815301076,1909f56bfc062723c751e8b465ee728b)
Start importing Assets/Story/Scenes/BLANKOffice.asset using Guid(bd07e4775b86dc44d974d22257fba781) Importer(815301076,1909f56bfc062723c751e8b465ee728b)  -> (artifact id: '38dbd3909fbb974bc6135459470a33cb') in 0.018169 seconds 
========================================================================
Received Prepare
Registering precompiled user dll's ...
Registered in 0.016144 seconds.
Begin MonoManager ReloadAssembly
Native extension for WindowsStandalone target not found
Native extension for WebGL target not found
Refreshing native plugins compatible for Editor in 0.89 ms, found 3 plugins.
Preloading 0 native plugins for Editor in 0.00 ms.
Mono: successfully reloaded assembly
- Completed reload, in  4.055 seconds
Domain Reload Profiling:
	ReloadAssembly (4057ms)
		BeginReloadAssembly (632ms)
			ExecutionOrderSort (0ms)
			DisableScriptedObjects (23ms)
			BackupInstance (0ms)
			ReleaseScriptingObjects (0ms)
			CreateAndSetChildDomain (164ms)
		EndReloadAssembly (3103ms)
			LoadAssemblies (563ms)
			RebuildTransferFunctionScriptingTraits (0ms)
			SetupTypeCache (1047ms)
			ReleaseScriptCaches (2ms)
			RebuildScriptCaches (118ms)
			SetupLoadedEditorAssemblies (1242ms)
				LogAssemblyErrors (0ms)
				InitializePlatformSupportModulesInManaged (15ms)
				SetLoadedEditorAssemblies (1ms)
				RefreshPlugins (1ms)
				BeforeProcessingInitializeOnLoad (319ms)
				ProcessInitializeOnLoadAttributes (803ms)
				ProcessInitializeOnLoadMethodAttributes (60ms)
				AfterProcessingInitializeOnLoad (42ms)
				EditorAssembliesLoaded (0ms)
			ExecutionOrderSort2 (0ms)
			AwakeInstancesAfterBackupRestoration (18ms)
Platform modules already initialized, skipping
Refreshing native plugins compatible for Editor in 1.93 ms, found 3 plugins.
Preloading 0 native plugins for Editor in 0.00 ms.
Unloading 2187 Unused Serialized files (Serialized files now loaded: 0)
System memory in use before: 97.5 MB.
System memory in use after: 97.5 MB.

Unloading 20 unused Assets to reduce memory usage. Loaded Objects now: 2649.
Total: 7.551500 ms (FindLiveObjects: 0.295500 ms CreateObjectMapping: 0.190300 ms MarkObjects: 6.819300 ms  DeleteObjects: 0.243300 ms)

AssetImportParameters requested are different than current active one (requested -> active):
  custom:framework-win-MediaFoundation: 216162199b28c13a410421893ffa2e32 -> 
  custom:video-decoder-ogg-theora: a1e56fd34408186e4bbccfd4996cb3dc -> 
  custom:container-muxer-webm: aa71ff27fc2769a1b78a27578f13a17b -> 
  custom:container-demuxer-webm: 4f35f7cbe854078d1ac9338744f61a02 -> 
  custom:container-demuxer-ogg: 62fdf1f143b41e24485cea50d1cbac27 -> 
  custom:video-encoder-webm-vp8: eb34c28f22e8b96e1ab97ce403110664 -> 
  custom:video-decoder-webm-vp8: 9c59270c3fd7afecdb556c50c9e8de78 -> 
  custom:audio-decoder-ogg-vorbis: bf7c407c2cedff20999df2af8eb42d56 -> 
  custom:audio-encoder-webm-vorbis: bf7c407c2cedff20999df2af8eb42d56 -> 
========================================================================
Received Prepare
Registering precompiled user dll's ...
Registered in 0.069999 seconds.
Begin MonoManager ReloadAssembly
Native extension for WindowsStandalone target not found
Native extension for WebGL target not found
Refreshing native plugins compatible for Editor in 1.24 ms, found 3 plugins.
Preloading 0 native plugins for Editor in 0.00 ms.
Mono: successfully reloaded assembly
- Completed reload, in  7.245 seconds
Domain Reload Profiling:
	ReloadAssembly (7247ms)
		BeginReloadAssembly (1338ms)
			ExecutionOrderSort (0ms)
			DisableScriptedObjects (18ms)
			BackupInstance (0ms)
			ReleaseScriptingObjects (0ms)
			CreateAndSetChildDomain (90ms)
		EndReloadAssembly (5714ms)
			LoadAssemblies (4267ms)
			RebuildTransferFunctionScriptingTraits (0ms)
			SetupTypeCache (777ms)
			ReleaseScriptCaches (2ms)
			RebuildScriptCaches (126ms)
			SetupLoadedEditorAssemblies (1332ms)
				LogAssemblyErrors (0ms)
				InitializePlatformSupportModulesInManaged (24ms)
				SetLoadedEditorAssemblies (2ms)
				RefreshPlugins (2ms)
				BeforeProcessingInitializeOnLoad (552ms)
				ProcessInitializeOnLoadAttributes (587ms)
				ProcessInitializeOnLoadMethodAttributes (130ms)
				AfterProcessingInitializeOnLoad (35ms)
				EditorAssembliesLoaded (0ms)
			ExecutionOrderSort2 (0ms)
			AwakeInstancesAfterBackupRestoration (11ms)
Platform modules already initialized, skipping
Refreshing native plugins compatible for Editor in 0.94 ms, found 3 plugins.
Preloading 0 native plugins for Editor in 0.00 ms.
Unloading 2187 Unused Serialized files (Serialized files now loaded: 0)
System memory in use before: 97.5 MB.
System memory in use after: 97.5 MB.

Unloading 20 unused Assets to reduce memory usage. Loaded Objects now: 2652.
Total: 12.359200 ms (FindLiveObjects: 0.351400 ms CreateObjectMapping: 0.293200 ms MarkObjects: 11.365900 ms  DeleteObjects: 0.346400 ms)

AssetImportParameters requested are different than current active one (requested -> active):
  custom:framework-win-MediaFoundation: 216162199b28c13a410421893ffa2e32 -> 
  custom:video-decoder-ogg-theora: a1e56fd34408186e4bbccfd4996cb3dc -> 
  custom:container-muxer-webm: aa71ff27fc2769a1b78a27578f13a17b -> 
  custom:container-demuxer-webm: 4f35f7cbe854078d1ac9338744f61a02 -> 
  custom:container-demuxer-ogg: 62fdf1f143b41e24485cea50d1cbac27 -> 
  custom:video-encoder-webm-vp8: eb34c28f22e8b96e1ab97ce403110664 -> 
  custom:video-decoder-webm-vp8: 9c59270c3fd7afecdb556c50c9e8de78 -> 
  custom:audio-decoder-ogg-vorbis: bf7c407c2cedff20999df2af8eb42d56 -> 
  custom:audio-encoder-webm-vorbis: bf7c407c2cedff20999df2af8eb42d56 -> 
